Determining if the pthread_create exist failed with the following output:
Change Dir: /mnt/IDMT-WORKSPACE/DATA-STORE/Playground/research/repos/logging/build/CMakeFiles/CMakeTmp

Run Build Command:/usr/bin/gmake "cmTryCompileExec186398511/fast"
/usr/bin/gmake -f CMakeFiles/cmTryCompileExec186398511.dir/build.make CMakeFiles/cmTryCompileExec186398511.dir/build
gmake[1]: Entering directory `/mnt/IDMT-WORKSPACE/DATA-STORE/Playground/research/repos/logging/build/CMakeFiles/CMakeTmp'
/usr/bin/cmake -E cmake_progress_report /mnt/IDMT-WORKSPACE/DATA-STORE/Playground/research/repos/logging/build/CMakeFiles/CMakeTmp/CMakeFiles 1
Building C object CMakeFiles/cmTryCompileExec186398511.dir/CheckSymbolExists.c.o
/usr/bin/cc    -o CMakeFiles/cmTryCompileExec186398511.dir/CheckSymbolExists.c.o   -c /mnt/IDMT-WORKSPACE/DATA-STORE/Playground/research/repos/logging/build/CMakeFiles/CMakeTmp/CheckSymbolExists.c
Linking C executable cmTryCompileExec186398511
/usr/bin/cmake -E cmake_link_script CMakeFiles/cmTryCompileExec186398511.dir/link.txt --verbose=1
/usr/bin/cc       CMakeFiles/cmTryCompileExec186398511.dir/CheckSymbolExists.c.o  -o cmTryCompileExec186398511 -rdynamic 
CMakeFiles/cmTryCompileExec186398511.dir/CheckSymbolExists.c.o: In function `main':
CheckSymbolExists.c:(.text+0x16): undefined reference to `pthread_create'
collect2: error: ld returned 1 exit status
gmake[1]: *** [cmTryCompileExec186398511] Error 1
gmake[1]: Leaving directory `/mnt/IDMT-WORKSPACE/DATA-STORE/Playground/research/repos/logging/build/CMakeFiles/CMakeTmp'
gmake: *** [cmTryCompileExec186398511/fast] Error 2

File /mnt/IDMT-WORKSPACE/DATA-STORE/Playground/research/repos/logging/build/CMakeFiles/CMakeTmp/CheckSymbolExists.c:
/* */
#include <pthread.h>

int main(int argc, char** argv)
{
  (void)argv;
#ifndef pthread_create
  return ((int*)(&pthread_create))[argc];
#else
  (void)argc;
  return 0;
#endif
}

Determining if the function pthread_create exists in the pthreads failed with the following output:
Change Dir: /mnt/IDMT-WORKSPACE/DATA-STORE/Playground/research/repos/logging/build/CMakeFiles/CMakeTmp

Run Build Command:/usr/bin/gmake "cmTryCompileExec769814042/fast"
/usr/bin/gmake -f CMakeFiles/cmTryCompileExec769814042.dir/build.make CMakeFiles/cmTryCompileExec769814042.dir/build
gmake[1]: Entering directory `/mnt/IDMT-WORKSPACE/DATA-STORE/Playground/research/repos/logging/build/CMakeFiles/CMakeTmp'
/usr/bin/cmake -E cmake_progress_report /mnt/IDMT-WORKSPACE/DATA-STORE/Playground/research/repos/logging/build/CMakeFiles/CMakeTmp/CMakeFiles 1
Building C object CMakeFiles/cmTryCompileExec769814042.dir/CheckFunctionExists.c.o
/usr/bin/cc   -DCHECK_FUNCTION_EXISTS=pthread_create   -o CMakeFiles/cmTryCompileExec769814042.dir/CheckFunctionExists.c.o   -c /usr/share/cmake/Modules/CheckFunctionExists.c
Linking C executable cmTryCompileExec769814042
/usr/bin/cmake -E cmake_link_script CMakeFiles/cmTryCompileExec769814042.dir/link.txt --verbose=1
/usr/bin/cc   -DCHECK_FUNCTION_EXISTS=pthread_create    CMakeFiles/cmTryCompileExec769814042.dir/CheckFunctionExists.c.o  -o cmTryCompileExec769814042 -rdynamic -lpthreads 
/usr/bin/ld: cannot find -lpthreads
collect2: error: ld returned 1 exit status
gmake[1]: *** [cmTryCompileExec769814042] Error 1
gmake[1]: Leaving directory `/mnt/IDMT-WORKSPACE/DATA-STORE/Playground/research/repos/logging/build/CMakeFiles/CMakeTmp'
gmake: *** [cmTryCompileExec769814042/fast] Error 2


